<?xml version="1.0" encoding="UTF-8"?>
<robot generator="Robot 3.2.1 (Python 3.8.5 on win32)" generated="20200723 14:46:56.412" rpa="false">
<suite id="s1" name="Google" source="C:\robot\google.robot">
<test id="s1-t1" name="เปิด Google Chrome">
<kw name="เปิดๆๆๆๆ">
<kw name="Open Browser" library="SeleniumLibrary">
<doc>Opens a new browser instance to the optional ``url``.</doc>
<arguments>
<arg>http://www.google.co.th</arg>
<arg>chrome</arg>
</arguments>
<msg timestamp="20200723 14:46:56.838" level="INFO">Opening browser 'chrome' to base url 'http://www.google.co.th'.</msg>
<status status="PASS" starttime="20200723 14:46:56.838" endtime="20200723 14:47:03.162"></status>
</kw>
<status status="PASS" starttime="20200723 14:46:56.837" endtime="20200723 14:47:03.163"></status>
</kw>
<kw name="กรอกๆๆๆๆ">
<kw name="Input Text" library="SeleniumLibrary">
<doc>Types the given ``text`` into the text field identified by ``locator``.</doc>
<arguments>
<arg>q</arg>
<arg>เทสๆๆๆๆ</arg>
</arguments>
<msg timestamp="20200723 14:47:03.165" level="INFO">Typing text 'เทสๆๆๆๆ' into text field 'q'.</msg>
<status status="PASS" starttime="20200723 14:47:03.164" endtime="20200723 14:47:03.508"></status>
</kw>
<status status="PASS" starttime="20200723 14:47:03.163" endtime="20200723 14:47:03.508"></status>
</kw>
<status status="PASS" starttime="20200723 14:46:56.836" endtime="20200723 14:47:03.509" critical="yes"></status>
</test>
<status status="PASS" starttime="20200723 14:46:56.419" endtime="20200723 14:47:03.515"></status>
</suite>
<statistics>
<total>
<stat pass="1" fail="0">Critical Tests</stat>
<stat pass="1" fail="0">All Tests</stat>
</total>
<tag>
</tag>
<suite>
<stat pass="1" fail="0" id="s1" name="Google">Google</stat>
</suite>
</statistics>
<errors>
</errors>
</robot>
