<?xml version="1.0" encoding="UTF-8"?>
<robot generator="Robot 3.2.1 (Python 3.8.5 on win32)" generated="20200723 15:23:41.316" rpa="false">
<suite id="s1" name="Google" source="C:\robot\google.robot">
<test id="s1-t1" name="เปิด Google Chrome">
<kw name="เปิดๆๆๆๆ">
<kw name="Open Browser" library="SeleniumLibrary">
<doc>Opens a new browser instance to the optional ``url``.</doc>
<arguments>
<arg>http://www.google.co.th</arg>
<arg>chrome</arg>
</arguments>
<msg timestamp="20200723 15:23:41.772" level="INFO">Opening browser 'chrome' to base url 'http://www.google.co.th'.</msg>
<status status="PASS" starttime="20200723 15:23:41.771" endtime="20200723 15:23:48.141"></status>
</kw>
<status status="PASS" starttime="20200723 15:23:41.771" endtime="20200723 15:23:48.141"></status>
</kw>
<kw name="กรอกๆๆๆๆ">
<kw name="Input Text" library="SeleniumLibrary">
<doc>Types the given ``text`` into the text field identified by ``locator``.</doc>
<arguments>
<arg>q</arg>
<arg>เทสๆๆๆๆ</arg>
</arguments>
<msg timestamp="20200723 15:23:48.143" level="INFO">Typing text 'เทสๆๆๆๆ' into text field 'q'.</msg>
<status status="PASS" starttime="20200723 15:23:48.143" endtime="20200723 15:23:48.463"></status>
</kw>
<status status="PASS" starttime="20200723 15:23:48.142" endtime="20200723 15:23:48.463"></status>
</kw>
<kw name="เอนเต้ออ">
<kw name="Press Keys" library="SeleniumLibrary">
<doc>Simulates the user pressing key(s) to an element or on the active browser.</doc>
<arguments>
<arg>q</arg>
<arg>ENTER</arg>
</arguments>
<msg timestamp="20200723 15:23:48.466" level="INFO">Sending key(s) ('ENTER',) to q element.</msg>
<msg timestamp="20200723 15:23:48.790" level="INFO">Pressing special key ENTER to element.</msg>
<msg timestamp="20200723 15:23:48.790" level="INFO">Releasing special key ENTER.</msg>
<status status="PASS" starttime="20200723 15:23:48.465" endtime="20200723 15:23:51.384"></status>
</kw>
<status status="PASS" starttime="20200723 15:23:48.464" endtime="20200723 15:23:51.384"></status>
</kw>
<status status="PASS" starttime="20200723 15:23:41.769" endtime="20200723 15:23:51.385" critical="yes"></status>
</test>
<status status="PASS" starttime="20200723 15:23:41.326" endtime="20200723 15:23:51.390"></status>
</suite>
<statistics>
<total>
<stat pass="1" fail="0">Critical Tests</stat>
<stat pass="1" fail="0">All Tests</stat>
</total>
<tag>
</tag>
<suite>
<stat pass="1" fail="0" id="s1" name="Google">Google</stat>
</suite>
</statistics>
<errors>
</errors>
</robot>
